2022-11-27 16:31:46 info: tempDirectory:c:\Users\Asus\.vscode\extensions\embold-vscode.embold-0.1.4\temp
2022-11-27 16:31:46 info: Extraction complete for source: c:\Users\Asus\.vscode\extensions\embold-vscode.embold-0.1.4\resources\embold-scanner-archive.zip, destination: c:\Users\Asus\.vscode\extensions\embold-vscode.embold-0.1.4\temp
2022-11-27 16:31:46 info: Congratulations, your extension "Embold" is now active!
2022-11-28 07:36:14 info: file:///c%3A/Users/Asus/Desktop/proyect/proyect/src/reportWebVitals.js
2022-11-28 07:36:14 error: SQLITE_ERROR: no such table: issues
2022-11-28 07:36:16 info: file:///c%3A/Users/Asus/Desktop/proyect/proyect/src/setupTests.js
2022-11-28 07:36:16 error: SQLITE_ERROR: no such table: issues
2022-11-28 07:38:08 info: file:///c%3A/Users/Asus/Desktop/proyect/proyect/src/App.css
2022-11-28 07:38:08 error: SQLITE_ERROR: no such table: issues
2022-11-28 08:06:11 info: file:///c%3A/Users/Asus/Desktop/proyect/proyect/src/data/mockGe
2022-11-28 08:06:11 error: SQLITE_ERROR: no such table: issues
2022-11-28 08:13:15 info: file:///c%3A/Users/Asus/Desktop/proyect/proyect/src/global
2022-11-28 08:13:15 error: SQLITE_ERROR: no such table: issues
2022-11-28 08:14:34 info: file:///c%3A/Users/Asus/Desktop/proyect/proyect/src/scenes/dashboard/index.js
2022-11-28 08:14:34 error: SQLITE_ERROR: no such table: issues
2022-11-28 08:15:20 info: file:///c%3A/Users/Asus/Desktop/proyect/proyect/src/scenes/global/TopBar.jsx
2022-11-28 08:15:20 error: SQLITE_ERROR: no such table: issues
2022-11-30 12:43:45 info: file:///c%3A/Users/Asus/Desktop/proyect/proyect/src/logo.svg
2022-11-30 12:43:46 error: SQLITE_ERROR: no such table: issues
2022-11-30 12:43:50 info: file:///c%3A/Users/Asus/Desktop/proyect/proyect/src/App.test.js
2022-11-30 12:43:50 error: SQLITE_ERROR: no such table: issues
2022-11-30 16:30:26 info: file:///c%3A/Users/Asus/Desktop/proyect/proyect/src/App.test.js
2022-11-30 16:30:26 error: SQLITE_ERROR: no such table: issues
2022-11-30 16:30:31 info: file:///c%3A/Users/Asus/Desktop/proyect/proyect/src/logo.svg
2022-11-30 16:30:31 error: SQLITE_ERROR: no such table: issues
2022-11-30 17:56:36 info: file:///c%3A/Users/Asus/Desktop/proyect/proyect/public/assets/jcorrea.png
2022-11-30 17:56:36 error: SQLITE_ERROR: no such table: issues
2022-12-01 20:33:51 info: file:///c%3A/Users/Asus/Desktop/proyect/proyect/src/scenes/theme
2022-12-01 20:33:51 error: SQLITE_ERROR: no such table: issues
2022-12-02 16:12:35 info: file:///c%3A/Users/Asus/Desktop/proyect/proyect/.git/index.lock
2022-12-02 16:12:35 error: SQLITE_ERROR: no such table: issues
2022-12-02 16:12:36 info: file:///c%3A/Users/Asus/Desktop/proyect/proyect/.git/index.lock
2022-12-02 16:12:36 error: SQLITE_ERROR: no such table: issues
2022-12-04 02:20:28 info: file:///c%3A/Users/Asus/Desktop/proyect/proyect/.git/index.lock
2022-12-04 02:20:28 error: SQLITE_ERROR: no such table: issues
2022-12-06 14:06:23 info: tempDirectory:c:\Users\Asus\.vscode\extensions\embold-vscode.embold-0.1.4\temp
2022-12-06 14:06:23 info: Extraction complete for source: c:\Users\Asus\.vscode\extensions\embold-vscode.embold-0.1.4\resources\embold-scanner-archive.zip, destination: c:\Users\Asus\.vscode\extensions\embold-vscode.embold-0.1.4\temp
2022-12-06 14:06:23 info: Congratulations, your extension "Embold" is now active!
2022-12-14 23:50:44 info: tempDirectory:c:\Users\Asus\.vscode\extensions\embold-vscode.embold-0.1.4\temp
2022-12-14 23:50:44 info: Extraction complete for source: c:\Users\Asus\.vscode\extensions\embold-vscode.embold-0.1.4\resources\embold-scanner-archive.zip, destination: c:\Users\Asus\.vscode\extensions\embold-vscode.embold-0.1.4\temp
2022-12-14 23:50:44 info: Congratulations, your extension "Embold" is now active!
2022-12-19 13:50:28 info: tempDirectory:c:\Users\Asus\.vscode\extensions\embold-vscode.embold-0.1.4\temp
2022-12-19 13:50:28 info: Extraction complete for source: c:\Users\Asus\.vscode\extensions\embold-vscode.embold-0.1.4\resources\embold-scanner-archive.zip, destination: c:\Users\Asus\.vscode\extensions\embold-vscode.embold-0.1.4\temp
2022-12-19 13:50:28 info: Congratulations, your extension "Embold" is now active!
2022-12-19 13:51:23 info: tempDirectory:c:\Users\Asus\.vscode\extensions\embold-vscode.embold-0.1.4\temp
2022-12-19 13:51:23 info: Extraction complete for source: c:\Users\Asus\.vscode\extensions\embold-vscode.embold-0.1.4\resources\embold-scanner-archive.zip, destination: c:\Users\Asus\.vscode\extensions\embold-vscode.embold-0.1.4\temp
2022-12-19 13:51:23 info: Congratulations, your extension "Embold" is now active!
2022-12-19 15:41:57 info: file:///c%3A/Users/Asus/Desktop/proyect/proyect/src/scenes/contacts/indez.jsz
2022-12-19 15:41:57 error: SQLITE_ERROR: no such table: issues
2022-12-19 15:42:02 info: file:///c%3A/Users/Asus/Desktop/proyect/proyect/src/scenes/contacts/indez.jsx
2022-12-19 15:42:02 error: SQLITE_ERROR: no such table: issues
2022-12-20 23:33:32 info: file:///c%3A/Users/Asus/Desktop/proyect/proyect/src/scenes/form/index.js
2022-12-20 23:33:32 error: SQLITE_ERROR: no such table: issues
2022-12-21 13:27:31 info: tempDirectory:c:\Users\Asus\.vscode\extensions\embold-vscode.embold-0.1.4\temp
2022-12-21 13:27:31 info: Extraction complete for source: c:\Users\Asus\.vscode\extensions\embold-vscode.embold-0.1.4\resources\embold-scanner-archive.zip, destination: c:\Users\Asus\.vscode\extensions\embold-vscode.embold-0.1.4\temp
2022-12-21 13:27:31 info: Congratulations, your extension "Embold" is now active!
2022-12-22 22:56:56 info: tempDirectory:c:\Users\Asus\.vscode\extensions\embold-vscode.embold-0.1.4\temp
2022-12-22 22:56:56 info: Extraction complete for source: c:\Users\Asus\.vscode\extensions\embold-vscode.embold-0.1.4\resources\embold-scanner-archive.zip, destination: c:\Users\Asus\.vscode\extensions\embold-vscode.embold-0.1.4\temp
2022-12-22 22:56:56 info: Congratulations, your extension "Embold" is now active!
2022-12-23 01:28:03 info: file:///c%3A/Users/Asus/Desktop/proyect/proyect/src/scenes/calendar/index.js
2022-12-23 01:28:03 error: SQLITE_ERROR: no such table: issues
2022-12-23 19:06:10 info: tempDirectory:c:\Users\Asus\.vscode\extensions\embold-vscode.embold-0.1.4\temp
2022-12-23 19:06:10 info: Extraction complete for source: c:\Users\Asus\.vscode\extensions\embold-vscode.embold-0.1.4\resources\embold-scanner-archive.zip, destination: c:\Users\Asus\.vscode\extensions\embold-vscode.embold-0.1.4\temp
2022-12-23 19:06:10 info: Congratulations, your extension "Embold" is now active!
2022-12-30 07:53:47 info: tempDirectory:c:\Users\Asus\.vscode\extensions\embold-vscode.embold-0.1.4\temp
2022-12-30 07:53:47 info: Extraction complete for source: c:\Users\Asus\.vscode\extensions\embold-vscode.embold-0.1.4\resources\embold-scanner-archive.zip, destination: c:\Users\Asus\.vscode\extensions\embold-vscode.embold-0.1.4\temp
2022-12-30 07:53:47 info: Congratulations, your extension "Embold" is now active!
2022-12-30 12:36:15 info: tempDirectory:c:\Users\Asus\.vscode\extensions\embold-vscode.embold-0.1.4\temp
2022-12-30 12:36:15 info: Extraction complete for source: c:\Users\Asus\.vscode\extensions\embold-vscode.embold-0.1.4\resources\embold-scanner-archive.zip, destination: c:\Users\Asus\.vscode\extensions\embold-vscode.embold-0.1.4\temp
2022-12-30 12:36:15 info: Congratulations, your extension "Embold" is now active!
2022-12-30 13:04:10 info: tempDirectory:c:\Users\Asus\.vscode\extensions\embold-vscode.embold-0.1.4\temp
2022-12-30 13:04:10 info: Extraction complete for source: c:\Users\Asus\.vscode\extensions\embold-vscode.embold-0.1.4\resources\embold-scanner-archive.zip, destination: c:\Users\Asus\.vscode\extensions\embold-vscode.embold-0.1.4\temp
2022-12-30 13:04:10 info: Congratulations, your extension "Embold" is now active!
2022-12-30 13:05:11 info: file:///c%3A/Users/Asus/Desktop/proyect/proyect/src/components/geographyChart.jsx
2022-12-30 13:05:11 error: SQLITE_ERROR: no such table: issues
2022-12-30 13:05:26 info: file:///c%3A/Users/Asus/Desktop/proyect/proyect/src/components/geographyChart.jsx
2022-12-30 13:05:26 error: SQLITE_ERROR: no such table: issues
2022-12-30 13:23:40 info: file:///c%3A/Users/Asus/Desktop/proyect/proyect/src/scenes/geography/indexjsx
2022-12-30 13:23:40 error: SQLITE_ERROR: no such table: issues
2022-12-30 13:27:41 info: file:///c%3A/Users/Asus/Desktop/proyect/proyect/src/data/line
2022-12-30 13:27:41 error: SQLITE_ERROR: no such table: issues
2022-12-30 13:49:59 info: file:///c%3A/Users/Asus/Desktop/proyect/proyect/src/components/Progress
2022-12-30 13:49:59 error: SQLITE_ERROR: no such table: issues
2022-12-30 21:03:00 info: tempDirectory:c:\Users\Asus\.vscode\extensions\embold-vscode.embold-0.1.4\temp
2022-12-30 21:03:00 info: Extraction complete for source: c:\Users\Asus\.vscode\extensions\embold-vscode.embold-0.1.4\resources\embold-scanner-archive.zip, destination: c:\Users\Asus\.vscode\extensions\embold-vscode.embold-0.1.4\temp
2022-12-30 21:03:00 info: Congratulations, your extension "Embold" is now active!
2023-01-03 17:38:35 info: tempDirectory:c:\Users\Asus\.vscode\extensions\embold-vscode.embold-0.1.4\temp
2023-01-03 17:38:35 info: Extraction complete for source: c:\Users\Asus\.vscode\extensions\embold-vscode.embold-0.1.4\resources\embold-scanner-archive.zip, destination: c:\Users\Asus\.vscode\extensions\embold-vscode.embold-0.1.4\temp
2023-01-03 17:38:35 info: Congratulations, your extension "Embold" is now active!
2023-01-03 18:08:16 info: tempDirectory:c:\Users\Asus\.vscode\extensions\embold-vscode.embold-0.1.4\temp
2023-01-03 18:08:16 info: Extraction complete for source: c:\Users\Asus\.vscode\extensions\embold-vscode.embold-0.1.4\resources\embold-scanner-archive.zip, destination: c:\Users\Asus\.vscode\extensions\embold-vscode.embold-0.1.4\temp
2023-01-03 18:08:16 info: Congratulations, your extension "Embold" is now active!
2023-01-04 15:00:34 info: tempDirectory:c:\Users\Asus\.vscode\extensions\embold-vscode.embold-0.1.4\temp
2023-01-04 15:00:34 info: Extraction complete for source: c:\Users\Asus\.vscode\extensions\embold-vscode.embold-0.1.4\resources\embold-scanner-archive.zip, destination: c:\Users\Asus\.vscode\extensions\embold-vscode.embold-0.1.4\temp
2023-01-04 15:00:34 info: Congratulations, your extension "Embold" is now active!
